 %% PLEASE DO NOT MODIFY OR DELETE THIS FILE! %% 
 %% This file contains information about the installation of an application. %% 
 %% It will be used to automatically remove all application components from your computer if you choose to do so. %% 


NOTE: Beginning of the bootstrapper section

CONFIG: Title: "LMNOpc Bitmap Font Builder"

ACTION: RegKey: "HKEY_LOCAL_MACHINE\SOFTWARE\Microsoft\Windows\CurrentVersion", "SharedDLLs"

ACTION: SystemFile: "E:\WINDOWS\system32\VB6STKIT.DLL"
(File was not found or was an older version -- new file copied)

ACTION: SystemFile: "E:\WINDOWS\SYSTEM32\COMCAT.DLL"
(File currently on disk was already up to date)

ACTION: SystemFile: "E:\WINDOWS\SYSTEM32\STDOLE2.TLB"
(File currently on disk was already up to date)

ACTION: SystemFile: "E:\WINDOWS\SYSTEM32\ASYCFILT.DLL"
(File currently on disk was already up to date)

ACTION: SystemFile: "E:\WINDOWS\SYSTEM32\Olepro32.dll"
(File currently on disk was already up to date)

ACTION: SystemFile: "E:\WINDOWS\SYSTEM32\OLEAUT32.DLL"
(File currently on disk was already up to date)

ACTION: SystemFile: "E:\WINDOWS\SYSTEM32\MSVBVM60.DLL"
(File currently on disk was already up to date)

ACTION: DllSelfRegister: "E:\WINDOWS\SYSTEM32\COMCAT.DLL"

ACTION: TLBRegister: "E:\WINDOWS\SYSTEM32\STDOLE2.TLB"

ACTION: DllSelfRegister: "E:\WINDOWS\SYSTEM32\Olepro32.dll"

ACTION: DllSelfRegister: "E:\WINDOWS\SYSTEM32\OLEAUT32.DLL"

ACTION: DllSelfRegister: "E:\WINDOWS\SYSTEM32\MSVBVM60.DLL"

NOTE: End of the bootstrapper section

NOTE: Now spawning the main Setup program 'Setup1.exe'....

ACTION: CreateDir: "d:\Program Files\Bitmap Font Builder"

ACTION: PrivateFile: "D:\Program Files\Bitmap Font Builder\Bitmap Font Builder.exe"
(File was not found or was an older version -- new file copied)

ACTION: ShellLink: "$(Programs)", "LMNOpc Bitmap Font Builder"

ACTION: RegKey: "HKEY_LOCAL_MACHINE\SOFTWARE\Microsoft\Windows\CurrentVersion", "App Paths\Bitmap Font Builder.exe"

ACTION: RegValue: "HKEY_LOCAL_MACHINE\SOFTWARE\Microsoft\Windows\CurrentVersion\App Paths\Bitmap Font Builder.exe", ""

